divu: 1/1 = 1	divs: 1/1 = 1
divu: 32768/234 = 140	divs: -32768/234 = -140
divu: 234/32768 = 0	divs: 234/-32768 = 0
divu: 32768/32768 = 1	divs: -32768/-32768 = 1
divu: 28214/312 = 90	divs: 28214/312 = 90
divu: 63366/324 = 195	divs: -2170/324 = -6
divu: 24278/65287 = 0	divs: 24278/-249 = -97
divu: 58406/65410 = 0	divs: -7130/-126 = 56
divu: 51062/65461 = 0	divs: -14474/-75 = 192
divu: 18630/161 = 115	divs: 18630/161 = 115
divu: 43030/65348 = 0	divs: -22506/-188 = 119
divu: 9574/159 = 60	divs: 9574/159 = 60
divu: 182/434 = 0	divs: 182/434 = 0
divu: 31238/65406 = 0	divs: 31238/-130 = -240
divu: 53590/65281 = 0	divs: -11946/-255 = 46
divu: 18086/316 = 57	divs: 18086/316 = 57
divu: 6646/65327 = 0	divs: 6646/-209 = -31
divu: 35654/475 = 75	divs: -29882/475 = -62
divu: 55958/65086 = 0	divs: -9578/-450 = 21
divu: 18406/345 = 53	divs: 18406/345 = 53
divu: 4918/44 = 111	divs: 4918/44 = 111
divu: 31878/65464 = 0	divs: 31878/-72 = -442
divu: 50134/251 = 199	divs: -15402/251 = -61
divu: 10534/246 = 42	divs: 10534/246 = 42
divu: 60534/169 = 358	divs: -5002/169 = -29
divu: 19910/277 = 71	divs: 19910/277 = 71
divu: 36118/65336 = 0	divs: -29418/-200 = 147
divu: 60006/19 = 3158	divs: -5530/19 = -291
divu: 42422/166 = 255	divs: -23114/166 = -139
divu: 65286/498 = 131	divs: -250/498 = 0
divu: 13910/245 = 56	divs: 13910/245 = 56
divu: 35750/65200 = 0	divs: -29786/-336 = 88
divu: 16118/35 = 460	divs: 16118/35 = 460
divu: 36934/65103 = 0	divs: -28602/-433 = 66
divu: 49046/65074 = 0	divs: -16490/-462 = 35
divu: 3302/205 = 16	divs: 3302/205 = 16
divu: 47158/65312 = 0	divs: -18378/-224 = 82
divu: 390/65068 = 0	divs: 390/-468 = 0
divu: 10454/65263 = 0	divs: 10454/-273 = -38
divu: 28198/65130 = 0	divs: 28198/-406 = -69
divu: 4470/413 = 10	divs: 4470/413 = 10
divu: 21190/393 = 53	divs: 21190/393 = 53
divu: 29206/65324 = 0	divs: 29206/-212 = -137
divu: 44902/65415 = 0	divs: -20634/-121 = 170
divu: 19126/65434 = 0	divs: 19126/-102 = -187
divu: 33798/102 = 331	divs: -31738/102 = -311
divu: 39766/65257 = 0	divs: -25770/-279 = 92
divu: 53414/36 = 1483	divs: -12122/36 = -336
divu: 25590/279 = 91	divs: 25590/279 = 91
divu: 38214/65219 = 0	divs: -27322/-317 = 86
divu: 42134/65062 = 0	divs: -23402/-474 = 49
divu: 53734/65 = 826	divs: -11802/65 = -181
divu: 23862/65044 = 0	divs: 23862/-492 = -48
divu: 34438/160 = 215	divs: -31098/160 = -194
divu: 36310/227 = 159	divs: -29226/227 = -128
divu: 45862/65502 = 0	divs: -19674/-34 = 578
divu: 13942/65169 = 0	divs: 13942/-367 = -37
divu: 22470/509 = 44	divs: 22470/509 = 44
divu: 22294/65312 = 0	divs: 22294/-224 = -99
divu: 29798/65275 = 0	divs: 29798/-261 = -114
divu: 61366/65166 = 0	divs: -4170/-370 = 11
divu: 2310/65242 = 0	divs: 2310/-294 = -7
divu: 86/221 = 0	divs: 86/221 = 0
divu: 5542/408 = 13	divs: 5542/408 = 13
divu: 35062/65035 = 0	divs: -30474/-501 = 60
divu: 39494/65335 = 0	divs: -26042/-201 = 129
divu: 35222/65050 = 0	divs: -30314/-486 = 62
divu: 38630/65461 = 0	divs: -26906/-75 = 358
divu: 566/264 = 2	divs: 566/264 = 2
divu: 2950/65300 = 0	divs: 2950/-236 = -12
divu: 62166/65239 = 0	divs: -3370/-297 = 11
divu: 63526/338 = 187	divs: -2010/338 = -5
divu: 23414/65413 = 0	divs: 23414/-123 = -190
divu: 23750/65137 = 0	divs: 23750/-399 = -59
divu: 15382/65300 = 0	divs: 15382/-236 = -65
divu: 14694/65135 = 0	divs: 14694/-401 = -36
divu: 38070/386 = 98	divs: -27466/386 = -71
divu: 36358/334 = 108	divs: -29178/334 = -87
divu: 25942/65233 = 0	divs: 25942/-303 = -85
divu: 23206/65292 = 0	divs: 23206/-244 = -95
divu: 44534/65279 = 0	divs: -21002/-257 = 81
divu: 40774/65451 = 0	divs: -24762/-85 = 291
divu: 28310/65038 = 0	divs: 28310/-498 = -56
divu: 23526/65321 = 0	divs: 23526/-215 = -109
divu: 42806/65532 = 0	divs: -22730/-4 = 5682
divu: 36998/392 = 94	divs: -28538/392 = -72
divu: 22486/203 = 110	divs: 22486/203 = 110
divu: 15654/65222 = 0	divs: 15654/-314 = -49
divu: 32886/121 = 271	divs: -32650/121 = -269
divu: 25030/65253 = 0	divs: 25030/-283 = -88
divu: 8470/65288 = 0	divs: 8470/-248 = -34
divu: 65126/483 = 134	divs: -410/483 = 0
divu: 14774/118 = 125	divs: 14774/118 = 125
divu: 4870/65474 = 0	divs: 4870/-62 = -78
divu: 51798/197 = 262	divs: -13738/197 = -69
divu: 40870/128 = 319	divs: -24666/128 = -192
divu: 54006/65523 = 0	divs: -11530/-13 = 886
divu: 42054/31 = 1356	divs: -23482/31 = -757
divu: 21398/65026 = 0	divs: 21398/-510 = -41
divu: 8422/65181 = 0	divs: 8422/-355 = -23
divu: 19510/65264 = 0	divs: 19510/-272 = -71
divu: 5510/65532 = 0	divs: 5510/-4 = -1377
divu: 48342/65215 = 0	divs: -17194/-321 = 53
divu: 33318/58 = 574	divs: -32218/58 = -555
divu: 42358/365 = 116	divs: -23178/365 = -63
divu: 26310/65369 = 0	divs: 26310/-167 = -157
divu: 1558/65276 = 0	divs: 1558/-260 = -5
divu: 50022/343 = 145	divs: -15514/343 = -45
divu: 57014/65386 = 0	divs: -8522/-150 = 56
divu: 38918/65078 = 0	divs: -26618/-458 = 58
divu: 12118/65209 = 0	divs: 12118/-327 = -37
divu: 58534/500 = 117	divs: -7002/500 = -14
divu: 63478/231 = 274	divs: -2058/231 = -8
divu: 43334/147 = 294	divs: -22202/147 = -151
divu: 14486/502 = 28	divs: 14486/502 = 28
divu: 58854/65041 = 0	divs: -6682/-495 = 13
divu: 61750/484 = 127	divs: -3786/484 = -7
divu: 39558/65136 = 0	divs: -25978/-400 = 64
divu: 8662/179 = 48	divs: 8662/179 = 48
divu: 50982/430 = 118	divs: -14554/430 = -33
divu: 51830/65121 = 0	divs: -13706/-415 = 33
divu: 27590/65485 = 0	divs: 27590/-51 = -540
divu: 60182/65264 = 0	divs: -5354/-272 = 19
divu: 34918/203 = 172	divs: -30618/203 = -150
divu: 33718/65118 = 0	divs: -31818/-418 = 76
divu: 7430/170 = 43	divs: 7430/170 = 43
divu: 37974/173 = 219	divs: -27562/173 = -159
divu: 10662/65384 = 0	divs: 10662/-152 = -70
divu: 7414/475 = 15	divs: 7414/475 = 15
divu: 44614/263 = 169	divs: -20922/263 = -79
divu: 7574/490 = 15	divs: 7574/490 = 15
divu: 43750/389 = 112	divs: -21786/389 = -56
divu: 38454/216 = 178	divs: -27082/216 = -125
divu: 8070/228 = 35	divs: 8070/228 = 35
divu: 34518/65191 = 0	divs: -31018/-345 = 89
divu: 3110/65314 = 0	divs: 3110/-222 = -14
divu: 61302/65365 = 0	divs: -4234/-171 = 24
divu: 28870/65 = 444	divs: 28870/65 = 444
divu: 53270/65252 = 0	divs: -12266/-284 = 43
divu: 19814/63 = 314	divs: 19814/63 = 314
divu: 10422/338 = 30	divs: 10422/338 = 30
divu: 41478/65310 = 0	divs: -24058/-226 = 106
divu: 63830/65185 = 0	divs: -1706/-351 = 4
divu: 28326/220 = 128	divs: 28326/220 = 128
divu: 16886/65231 = 0	divs: 16886/-305 = -55
divu: 45894/379 = 121	divs: -19642/379 = -51
divu: 662/478 = 1	divs: 662/478 = 1
divu: 28646/249 = 115	divs: 28646/249 = 115
divu: 15158/65484 = 0	divs: 15158/-52 = -291
divu: 42118/65368 = 0	divs: -23418/-168 = 139
divu: 60374/155 = 389	divs: -5162/155 = -33
divu: 20774/150 = 138	divs: 20774/150 = 138
divu: 5238/73 = 71	divs: 5238/73 = 71
divu: 30150/181 = 166	divs: 30150/181 = 166
divu: 46358/65240 = 0	divs: -19178/-296 = 64
divu: 4710/65459 = 0	divs: 4710/-77 = -61
divu: 52662/70 = 752	divs: -12874/70 = -183
divu: 9990/402 = 24	divs: 9990/402 = 24
divu: 24150/149 = 162	divs: 24150/149 = 162
divu: 45990/65104 = 0	divs: -19546/-432 = 45
divu: 26358/65475 = 0	divs: 26358/-61 = -432
divu: 47174/495 = 95	divs: -18362/495 = -37
divu: 59286/466 = 127	divs: -6250/466 = -13
divu: 13542/109 = 124	divs: 13542/109 = 124
divu: 57398/65216 = 0	divs: -8138/-320 = 25
divu: 10630/460 = 23	divs: 10630/460 = 23
divu: 20694/65167 = 0	divs: 20694/-369 = -56
divu: 38438/65034 = 0	divs: -27098/-502 = 53
divu: 14710/317 = 46	divs: 14710/317 = 46
divu: 31430/297 = 105	divs: 31430/297 = 105
divu: 39446/65228 = 0	divs: -26090/-308 = 84
divu: 55142/65319 = 0	divs: -10394/-217 = 47
divu: 29366/65338 = 0	divs: 29366/-198 = -148
divu: 44038/6 = 7339	divs: -21498/6 = -3583
divu: 50006/65161 = 0	divs: -15530/-375 = 41
divu: 63654/65476 = 0	divs: -1882/-60 = 31
divu: 35830/183 = 195	divs: -29706/183 = -162
divu: 48454/65123 = 0	divs: -17082/-413 = 41
divu: 52374/454 = 115	divs: -13162/454 = -28
divu: 63974/65505 = 0	divs: -1562/-31 = 50
divu: 34102/436 = 78	divs: -31434/436 = -72
divu: 44678/64 = 698	divs: -20858/64 = -325
divu: 46550/131 = 355	divs: -18986/131 = -144
divu: 56102/65406 = 0	divs: -9434/-130 = 72
divu: 24182/65073 = 0	divs: 24182/-463 = -52
divu: 32710/413 = 79	divs: 32710/413 = 79
divu: 32534/65216 = 0	divs: 32534/-320 = -101
divu: 40038/65179 = 0	divs: -25498/-357 = 71
divu: 6070/65070 = 0	divs: 6070/-466 = -13
divu: 12550/65146 = 0	divs: 12550/-390 = -32
divu: 10326/125 = 82	divs: 10326/125 = 82
divu: 15782/312 = 50	divs: 15782/312 = 50
divu: 45302/427 = 106	divs: -20234/427 = -47
divu: 49734/65239 = 0	divs: -15802/-297 = 53
divu: 45462/442 = 102	divs: -20074/442 = -45
divu: 48870/65365 = 0	divs: -16666/-171 = 97
divu: 10806/168 = 64	divs: 10806/168 = 64
divu: 13190/65204 = 0	divs: 13190/-332 = -39
divu: 6870/65143 = 0	divs: 6870/-393 = -17
divu: 8230/242 = 34	divs: 8230/242 = 34
divu: 33654/65317 = 0	divs: -31882/-219 = 145
divu: 33990/65041 = 0	divs: -31546/-495 = 63
divu: 25622/65204 = 0	divs: 25622/-332 = -77
divu: 24934/65039 = 0	divs: 24934/-497 = -50
