----------- fcvu/ftou
1 -> 1.000000 -> 1
17 -> 17.000000 -> 17
289 -> 289.000000 -> 289
4913 -> 4913.000000 -> 4913
17985 -> 17985.000000 -> 17985
43601 -> 43601.000000 -> 43601
20321 -> 20321.000000 -> 20321
17777 -> 17777.000000 -> 17777
40065 -> 40065.000000 -> 40065
25745 -> 25745.000000 -> 25745
44449 -> 44449.000000 -> 44449
1 -> 1.000000 -> 1
13 -> 13.000000 -> 13
169 -> 169.000000 -> 169
2197 -> 2197.000000 -> 2197
28561 -> 28561.000000 -> 28561
371293 -> 371293.000000 -> 371293
4826809 -> 4826809.000000 -> 4826809
62748517 -> 62748517.000000 -> 62748517
815730721 -> 815730721.000000 -> 815730721
2014564781 -> 2014564781.000000 -> 2014564781
419538377 -> 419538377.000000 -> 419538377
----------- fcvi/ftoi
0 -> 0.000000
1 -> 1.000000 -> 1
-13 -> -13.000000 -> -13
169 -> 169.000000 -> 169
-2197 -> -2197.000000 -> -2197
28561 -> 28561.000000 -> 28561
21923 -> 21923.000000 -> 21923
-22855 -> -22855.000000 -> -22855
-30565 -> -30565.000000 -> -30565
4129 -> 4129.000000 -> 4129
11859 -> 11859.000000 -> 11859
-23095 -> -23095.000000 -> -23095
1 -> 1.000000 -> 1
-17 -> -17.000000 -> -17
289 -> 289.000000 -> 289
-4913 -> -4913.000000 -> -4913
83521 -> 83521.000000 -> 83521
-1419857 -> -1419857.000000 -> -1419857
24137569 -> 24137569.000000 -> 24137569
-410338673 -> -410338673.000000 -> -410338673
-1614177151 -> -1614177151.000000 -> -1614177151
1671207791 -> 1671207791.000000 -> 1671207791
1654238625 -> 1654238625.000000 -> 1654238625
------------ fadd/fsub
a=+0.000000e+00 b=-8.588103e-13 a+b=-8.588103e-13 a-b=+8.588103e-13
a=-8.588103e-13 b=+1.088152e-03 a+b=+1.088152e-03 a-b=-1.088152e-03
a=+1.088152e-03 b=-5.122086e-02 a+b=-5.013271e-02 a-b=+5.230901e-02
a=-5.122086e-02 b=-1.186370e-15 a+b=-5.122086e-02 a-b=-5.122086e-02
a=-1.186370e-15 b=+3.750756e-04 a+b=+3.750756e-04 a-b=-3.750756e-04
a=+3.750756e-04 b=-4.172879e+07 a+b=-4.172879e+07 a-b=+4.172879e+07
a=-4.172879e+07 b=+1.908062e-17 a+b=-4.172879e+07 a-b=-4.172879e+07
a=+1.908062e-17 b=-4.883084e-06 a+b=-4.883084e-06 a-b=+4.883084e-06
a=-4.883084e-06 b=-5.637469e-17 a+b=-4.883084e-06 a-b=-4.883084e-06
a=-5.637469e-17 b=-5.291418e-13 a+b=-5.291982e-13 a-b=+5.290854e-13
a=-5.291418e-13 b=-1.132215e-14 a+b=-5.404639e-13 a-b=-5.178196e-13
a=-1.132215e-14 b=+1.440558e-03 a+b=+1.440558e-03 a-b=-1.440558e-03
a=+1.440558e-03 b=+8.436401e+10 a+b=+8.436401e+10 a-b=-8.436401e+10
a=+8.436401e+10 b=-9.965521e+14 a+b=-9.964677e+14 a-b=+9.966364e+14
a=-9.965521e+14 b=+1.105795e+02 a+b=-9.965521e+14 a-b=-9.965521e+14
a=+1.105795e+02 b=+2.059003e+00 a+b=+1.126386e+02 a-b=+1.085205e+02
a=+2.059003e+00 b=-9.499030e+07 a+b=-9.499030e+07 a-b=+9.499030e+07
a=-9.499030e+07 b=-1.558376e-01 a+b=-9.499030e+07 a-b=-9.499030e+07
a=-1.558376e-01 b=+3.000145e-03 a+b=-1.528375e-01 a-b=-1.588377e-01
a=+3.000145e-03 b=+5.946109e+18 a+b=+5.946109e+18 a-b=-5.946109e+18
a=+5.946109e+18 b=-5.005408e-07 a+b=+5.946109e+18 a-b=+5.946109e+18
a=-5.005408e-07 b=+7.270647e+07 a+b=+7.270647e+07 a-b=-7.270647e+07
a=+7.270647e+07 b=-3.555488e-16 a+b=+7.270647e+07 a-b=+7.270647e+07
a=-3.555488e-16 b=+9.886851e-01 a+b=+9.886851e-01 a-b=-9.886851e-01
a=+9.886851e-01 b=+1.666632e+06 a+b=+1.666633e+06 a-b=-1.666631e+06
a=+1.666632e+06 b=+3.017650e-14 a+b=+1.666632e+06 a-b=+1.666632e+06
a=+3.017650e-14 b=+2.458900e-01 a+b=+2.458900e-01 a-b=-2.458900e-01
a=+2.458900e-01 b=+5.015448e+03 a+b=+5.015693e+03 a-b=-5.015202e+03
a=+5.015448e+03 b=+2.515182e-17 a+b=+5.015448e+03 a-b=+5.015448e+03
a=+2.515182e-17 b=-2.801638e+05 a+b=-2.801638e+05 a-b=+2.801638e+05
a=-2.801638e+05 b=-4.188198e-05 a+b=-2.801638e+05 a-b=-2.801638e+05
a=-4.188198e-05 b=+1.189263e+07 a+b=+1.189263e+07 a-b=-1.189263e+07
a=+1.189263e+07 b=-6.745515e-13 a+b=+1.189263e+07 a-b=+1.189263e+07
a=-6.745515e-13 b=-6.694185e-16 a+b=-6.752209e-13 a-b=-6.738821e-13
a=-6.694185e-16 b=+2.537500e+02 a+b=+2.537500e+02 a-b=-2.537500e+02
a=+2.537500e+02 b=+5.632185e+15 a+b=+5.632185e+15 a-b=-5.632185e+15
a=+5.632185e+15 b=-1.405525e+18 a+b=-1.399893e+18 a-b=+1.411157e+18
a=-1.405525e+18 b=-7.579501e+11 a+b=-1.405526e+18 a-b=-1.405524e+18
a=-7.579501e+11 b=-1.152966e+21 a+b=-1.152966e+21 a-b=+1.152966e+21
a=-1.152966e+21 b=+9.937665e+12 a+b=-1.152966e+21 a-b=-1.152966e+21
a=+9.937665e+12 b=-9.673500e+08 a+b=+9.936698e+12 a-b=+9.938633e+12
a=-9.673500e+08 b=+3.256375e-07 a+b=-9.673500e+08 a-b=-9.673500e+08
a=+3.256375e-07 b=+3.465528e-11 a+b=+3.256721e-07 a-b=+3.256028e-07
a=+3.465528e-11 b=-7.965884e-04 a+b=-7.965883e-04 a-b=+7.965884e-04
a=-7.965884e-04 b=-4.740377e+16 a+b=-4.740377e+16 a-b=+4.740377e+16
a=-4.740377e+16 b=-4.628462e+13 a+b=-4.745005e+16 a-b=-4.735748e+16
a=-4.628462e+13 b=+1.135004e-08 a+b=-4.628462e+13 a-b=-4.628462e+13
a=+1.135004e-08 b=+1.945318e+15 a+b=+1.945318e+15 a-b=-1.945318e+15
a=+1.945318e+15 b=-1.436758e-04 a+b=+1.945318e+15 a-b=+1.945318e+15
a=-1.436758e-04 b=-2.387673e+18 a+b=-2.387673e+18 a-b=+2.387673e+18
a=-2.387673e+18 b=-3.220483e-11 a+b=-2.387673e+18 a-b=-2.387673e+18
a=-3.220483e-11 b=-9.960186e-03 a+b=-9.960186e-03 a-b=+9.960186e-03
a=-9.960186e-03 b=+1.297939e+17 a+b=+1.297939e+17 a-b=-1.297939e+17
a=+1.297939e+17 b=-1.246797e-17 a+b=+1.297939e+17 a-b=+1.297939e+17
a=-1.246797e-17 b=-1.411204e-13 a+b=-1.411328e-13 a-b=+1.411079e-13
a=-1.411204e-13 b=-3.664226e-08 a+b=-3.664240e-08 a-b=+3.664212e-08
a=-3.664226e-08 b=+1.404885e+07 a+b=+1.404885e+07 a-b=-1.404885e+07
a=+1.404885e+07 b=-1.096422e-13 a+b=+1.404885e+07 a-b=+1.404885e+07
a=-1.096422e-13 b=+4.097738e+01 a+b=+4.097738e+01 a-b=-4.097738e+01
a=+4.097738e+01 b=-5.657657e-11 a+b=+4.097738e+01 a-b=+4.097738e+01
a=-5.657657e-11 b=-4.470437e+10 a+b=-4.470437e+10 a-b=+4.470437e+10
a=-4.470437e+10 b=-3.163452e-09 a+b=-4.470437e+10 a-b=-4.470437e+10
a=-3.163452e-09 b=-1.442869e-04 a+b=-1.442901e-04 a-b=+1.442837e-04
a=-1.442869e-04 b=+3.131130e+10 a+b=+3.131130e+10 a-b=-3.131130e+10
a=+3.131130e+10 b=-1.923792e+03 a+b=+3.131130e+10 a-b=+3.131131e+10
a=-1.923792e+03 b=+4.003024e-12 a+b=-1.923792e+03 a-b=-1.923792e+03
a=+4.003024e-12 b=+2.777964e-04 a+b=+2.777964e-04 a-b=-2.777964e-04
a=+2.777964e-04 b=+3.441955e+09 a+b=+3.441955e+09 a-b=-3.441955e+09
a=+3.441955e+09 b=+8.546052e-07 a+b=+3.441955e+09 a-b=+3.441955e+09
a=+8.546052e-07 b=+1.533460e+17 a+b=+1.533460e+17 a-b=-1.533460e+17
a=+1.533460e+17 b=-2.382280e-05 a+b=+1.533460e+17 a-b=+1.533460e+17
a=-2.382280e-05 b=+2.674354e-05 a+b=+2.920741e-06 a-b=-5.056634e-05
a=+2.674354e-05 b=-2.043994e+01 a+b=-2.043991e+01 a-b=+2.043996e+01
a=-2.043994e+01 b=-5.998519e-01 a+b=-2.103979e+01 a-b=-1.984009e+01
a=-5.998519e-01 b=+4.261052e-13 a+b=-5.998519e-01 a-b=-5.998519e-01
a=+4.261052e-13 b=-5.191713e+14 a+b=-5.191713e+14 a-b=+5.191713e+14
a=-5.191713e+14 b=+1.485027e-02 a+b=-5.191713e+14 a-b=-5.191713e+14
a=+1.485027e-02 b=-6.612351e-14 a+b=+1.485027e-02 a-b=+1.485027e-02
a=-6.612351e-14 b=-4.163763e-10 a+b=-4.164424e-10 a-b=+4.163101e-10
a=-4.163763e-10 b=+5.881524e+01 a+b=+5.881524e+01 a-b=-5.881524e+01
a=+5.881524e+01 b=-2.185469e-01 a+b=+5.859669e+01 a-b=+5.903378e+01
a=-2.185469e-01 b=+2.495851e-01 a+b=+3.103815e-02 a-b=-4.681320e-01
a=+2.495851e-01 b=-1.652724e+00 a+b=-1.403139e+00 a-b=+1.902309e+00
a=-1.652724e+00 b=+4.036802e-07 a+b=-1.652724e+00 a-b=-1.652725e+00
a=+4.036802e-07 b=-5.572912e+11 a+b=-5.572912e+11 a-b=+5.572912e+11
a=-5.572912e+11 b=-1.990818e+01 a+b=-5.572912e+11 a-b=-5.572912e+11
a=-1.990818e+01 b=+2.092866e+14 a+b=+2.092866e+14 a-b=-2.092866e+14
a=+2.092866e+14 b=-8.849995e+19 a+b=-8.849974e+19 a-b=+8.850016e+19
a=-8.849995e+19 b=+2.342854e+10 a+b=-8.849995e+19 a-b=-8.849995e+19
a=+2.342854e+10 b=+2.569578e+09 a+b=+2.599812e+10 a-b=+2.085896e+10
a=+2.569578e+09 b=-7.858628e-11 a+b=+2.569578e+09 a-b=+2.569578e+09
a=-7.858628e-11 b=+1.505287e+07 a+b=+1.505287e+07 a-b=-1.505287e+07
a=+1.505287e+07 b=+5.348451e-09 a+b=+1.505287e+07 a-b=+1.505287e+07
a=+5.348451e-09 b=+1.896195e-08 a+b=+2.431040e-08 a-b=-1.361350e-08
a=+1.896195e-08 b=+4.498996e+14 a+b=+4.498996e+14 a-b=-4.498996e+14
a=+4.498996e+14 b=+6.711347e+14 a+b=+1.121034e+15 a-b=-2.212351e+14
a=+6.711347e+14 b=-6.350296e-08 a+b=+6.711347e+14 a-b=+6.711347e+14
a=-6.350296e-08 b=-1.169953e+16 a+b=-1.169953e+16 a-b=+1.169953e+16
a=-1.169953e+16 b=-3.718258e-02 a+b=-1.169953e+16 a-b=-1.169953e+16
a=-3.718258e-02 b=-1.256081e-07 a+b=-3.718270e-02 a-b=-3.718245e-02
------------ fcmp
+0.000000e+00 > -1.256081e-07 = 1
+0.000000e+00 >= -1.256081e-07 = 1
+0.000000e+00 != -1.256081e-07 = 1
-1.256081e-07 > -1.855875e+00 = 1
-1.256081e-07 >= -1.855875e+00 = 1
-1.256081e-07 != -1.855875e+00 = 1
-1.855875e+00 > +2.280371e-08 = 0
-1.855875e+00 >= +2.280371e-08 = 0
-1.855875e+00 != +2.280371e-08 = 1
+2.280371e-08 > +9.454160e+00 = 0
+2.280371e-08 >= +9.454160e+00 = 0
+2.280371e-08 != +9.454160e+00 = 1
+9.454160e+00 > +9.893448e+05 = 0
+9.454160e+00 >= +9.893448e+05 = 0
+9.454160e+00 != +9.893448e+05 = 1
+9.893448e+05 > -3.878136e-04 = 1
+9.893448e+05 >= -3.878136e-04 = 1
+9.893448e+05 != -3.878136e-04 = 1
-3.878136e-04 > -2.558299e+11 = 1
-3.878136e-04 >= -2.558299e+11 = 1
-3.878136e-04 != -2.558299e+11 = 1
-2.558299e+11 > -7.593086e-03 = 0
-2.558299e+11 >= -7.593086e-03 = 0
-2.558299e+11 != -7.593086e-03 = 1
-7.593086e-03 > +4.849332e-01 = 0
-7.593086e-03 >= +4.849332e-01 = 0
-7.593086e-03 != +4.849332e-01 = 1
+4.849332e-01 > -3.863440e-14 = 1
+4.849332e-01 >= -3.863440e-14 = 1
+4.849332e-01 != -3.863440e-14 = 1
-3.863440e-14 > +5.124071e+17 = 0
-3.863440e-14 >= +5.124071e+17 = 0
-3.863440e-14 != +5.124071e+17 = 1
+5.124071e+17 > -6.764821e+13 = 1
+5.124071e+17 >= -6.764821e+13 = 1
+5.124071e+17 != -6.764821e+13 = 1
-6.764821e+13 > -6.764821e+13 = 0
-6.764821e+13 >= -6.764821e+13 = 1
-6.764821e+13 != -6.764821e+13 = 0
-6.764821e+13 > -8.117804e-16 = 0
-6.764821e+13 >= -8.117804e-16 = 0
-6.764821e+13 != -8.117804e-16 = 1
-8.117804e-16 > -4.084809e+13 = 1
-8.117804e-16 >= -4.084809e+13 = 1
-8.117804e-16 != -4.084809e+13 = 1
-4.084809e+13 > -6.242877e-13 = 0
-4.084809e+13 >= -6.242877e-13 = 0
-4.084809e+13 != -6.242877e-13 = 1
-6.242877e-13 > +1.843977e+07 = 0
-6.242877e-13 >= +1.843977e+07 = 0
-6.242877e-13 != +1.843977e+07 = 1
+1.843977e+07 > +4.144077e-09 = 1
+1.843977e+07 >= +4.144077e-09 = 1
+1.843977e+07 != +4.144077e-09 = 1
+4.144077e-09 > +1.901276e+18 = 0
+4.144077e-09 >= +1.901276e+18 = 0
+4.144077e-09 != +1.901276e+18 = 1
+1.901276e+18 > -5.017176e-09 = 1
+1.901276e+18 >= -5.017176e-09 = 1
+1.901276e+18 != -5.017176e-09 = 1
-5.017176e-09 > +4.046634e+03 = 0
-5.017176e-09 >= +4.046634e+03 = 0
-5.017176e-09 != +4.046634e+03 = 1
+4.046634e+03 > -3.806224e-08 = 1
+4.046634e+03 >= -3.806224e-08 = 1
+4.046634e+03 != -3.806224e-08 = 1
-3.806224e-08 > +5.896007e+15 = 0
-3.806224e-08 >= +5.896007e+15 = 0
-3.806224e-08 != +5.896007e+15 = 1
+5.896007e+15 > -4.607766e-17 = 1
+5.896007e+15 >= -4.607766e-17 = 1
+5.896007e+15 != -4.607766e-17 = 1
-4.607766e-17 > -4.607766e-17 = 0
-4.607766e-17 >= -4.607766e-17 = 1
-4.607766e-17 != -4.607766e-17 = 0
-4.607766e-17 > -1.832920e+16 = 1
-4.607766e-17 >= -1.832920e+16 = 1
-4.607766e-17 != -1.832920e+16 = 1
-1.832920e+16 > +1.045582e+05 = 0
-1.832920e+16 >= +1.045582e+05 = 0
-1.832920e+16 != +1.045582e+05 = 1
+1.045582e+05 > -7.052973e-01 = 1
+1.045582e+05 >= -7.052973e-01 = 1
+1.045582e+05 != -7.052973e-01 = 1
-7.052973e-01 > +3.247155e+15 = 0
-7.052973e-01 >= +3.247155e+15 = 0
-7.052973e-01 != +3.247155e+15 = 1
+3.247155e+15 > +3.931615e-11 = 1
+3.247155e+15 >= +3.931615e-11 = 1
+3.247155e+15 != +3.931615e-11 = 1
+3.931615e-11 > -2.115192e+12 = 1
+3.931615e-11 >= -2.115192e+12 = 1
+3.931615e-11 != -2.115192e+12 = 1
-2.115192e+12 > -7.764407e-08 = 0
-2.115192e+12 >= -7.764407e-08 = 0
-2.115192e+12 != -7.764407e-08 = 1
-7.764407e-08 > -1.413241e-03 = 1
-7.764407e-08 >= -1.413241e-03 = 1
-7.764407e-08 != -1.413241e-03 = 1
-1.413241e-03 > -2.967783e-15 = 0
-1.413241e-03 >= -2.967783e-15 = 0
-1.413241e-03 != -2.967783e-15 = 1
-2.967783e-15 > +1.254380e-08 = 0
-2.967783e-15 >= +1.254380e-08 = 0
-2.967783e-15 != +1.254380e-08 = 1
+1.254380e-08 > +4.436048e-06 = 0
+1.254380e-08 >= +4.436048e-06 = 0
+1.254380e-08 != +4.436048e-06 = 1
+4.436048e-06 > +4.436048e-06 = 0
+4.436048e-06 >= +4.436048e-06 = 1
+4.436048e-06 != +4.436048e-06 = 0
+4.436048e-06 > +7.870017e+19 = 0
+4.436048e-06 >= +7.870017e+19 = 0
+4.436048e-06 != +7.870017e+19 = 1
+7.870017e+19 > +3.181655e+16 = 1
+7.870017e+19 >= +3.181655e+16 = 1
+7.870017e+19 != +3.181655e+16 = 1
+3.181655e+16 > -1.576321e-04 = 1
+3.181655e+16 >= -1.576321e-04 = 1
+3.181655e+16 != -1.576321e-04 = 1
-1.576321e-04 > -6.850712e-09 = 0
-1.576321e-04 >= -6.850712e-09 = 0
-1.576321e-04 != -6.850712e-09 = 1
-6.850712e-09 > +4.291167e-03 = 0
-6.850712e-09 >= +4.291167e-03 = 0
-6.850712e-09 != +4.291167e-03 = 1
+4.291167e-03 > +2.156274e-03 = 1
+4.291167e-03 >= +2.156274e-03 = 1
+4.291167e-03 != +2.156274e-03 = 1
+2.156274e-03 > -6.477254e+16 = 1
+2.156274e-03 >= -6.477254e+16 = 1
+2.156274e-03 != -6.477254e+16 = 1
-6.477254e+16 > +1.089228e-15 = 0
-6.477254e+16 >= +1.089228e-15 = 0
-6.477254e+16 != +1.089228e-15 = 1
+1.089228e-15 > +5.593865e-04 = 0
+1.089228e-15 >= +5.593865e-04 = 0
+1.089228e-15 != +5.593865e-04 = 1
+5.593865e-04 > +5.094955e+02 = 0
+5.593865e-04 >= +5.094955e+02 = 0
+5.593865e-04 != +5.094955e+02 = 1
+5.094955e+02 > -6.823570e-10 = 1
+5.094955e+02 >= -6.823570e-10 = 1
+5.094955e+02 != -6.823570e-10 = 1
-6.823570e-10 > -6.823570e-10 = 0
-6.823570e-10 >= -6.823570e-10 = 1
-6.823570e-10 != -6.823570e-10 = 0
-6.823570e-10 > -3.896293e-02 = 1
-6.823570e-10 >= -3.896293e-02 = 1
-6.823570e-10 != -3.896293e-02 = 1
-3.896293e-02 > +2.406935e-08 = 0
-3.896293e-02 >= +2.406935e-08 = 0
-3.896293e-02 != +2.406935e-08 = 1
+2.406935e-08 > +8.119585e-12 = 1
+2.406935e-08 >= +8.119585e-12 = 1
+2.406935e-08 != +8.119585e-12 = 1
+8.119585e-12 > -1.394568e+19 = 1
+8.119585e-12 >= -1.394568e+19 = 1
+8.119585e-12 != -1.394568e+19 = 1
-1.394568e+19 > -4.114951e-09 = 0
-1.394568e+19 >= -4.114951e-09 = 0
-1.394568e+19 != -4.114951e-09 = 1
-4.114951e-09 > -3.352289e+00 = 1
-4.114951e-09 >= -3.352289e+00 = 1
-4.114951e-09 != -3.352289e+00 = 1
-3.352289e+00 > +3.685021e+10 = 0
-3.352289e+00 >= +3.685021e+10 = 0
-3.352289e+00 != +3.685021e+10 = 1
+3.685021e+10 > +1.045481e+16 = 0
+3.685021e+10 >= +1.045481e+16 = 0
+3.685021e+10 != +1.045481e+16 = 1
+1.045481e+16 > +7.725849e+19 = 0
+1.045481e+16 >= +7.725849e+19 = 0
+1.045481e+16 != +7.725849e+19 = 1
+7.725849e+19 > +8.078782e-07 = 1
+7.725849e+19 >= +8.078782e-07 = 1
+7.725849e+19 != +8.078782e-07 = 1
+8.078782e-07 > +2.445675e-16 = 1
+8.078782e-07 >= +2.445675e-16 = 1
+8.078782e-07 != +2.445675e-16 = 1
+2.445675e-16 > +2.445675e-16 = 0
+2.445675e-16 >= +2.445675e-16 = 1
+2.445675e-16 != +2.445675e-16 = 0
+2.445675e-16 > -1.232450e+10 = 1
+2.445675e-16 >= -1.232450e+10 = 1
+2.445675e-16 != -1.232450e+10 = 1
-1.232450e+10 > +2.960474e-05 = 0
-1.232450e+10 >= +2.960474e-05 = 0
-1.232450e+10 != +2.960474e-05 = 1
+2.960474e-05 > +2.441626e-10 = 1
+2.960474e-05 >= +2.441626e-10 = 1
+2.960474e-05 != +2.441626e-10 = 1
+2.441626e-10 > -2.659093e+15 = 1
+2.441626e-10 >= -2.659093e+15 = 1
+2.441626e-10 != -2.659093e+15 = 1
-2.659093e+15 > -1.913972e-13 = 0
-2.659093e+15 >= -1.913972e-13 = 0
-2.659093e+15 != -1.913972e-13 = 1
-1.913972e-13 > -1.215782e+01 = 1
-1.913972e-13 >= -1.215782e+01 = 1
-1.913972e-13 != -1.215782e+01 = 1
-1.215782e+01 > +6.139540e+16 = 0
-1.215782e+01 >= +6.139540e+16 = 0
-1.215782e+01 != +6.139540e+16 = 1
+6.139540e+16 > +4.521034e+14 = 1
+6.139540e+16 >= +4.521034e+14 = 1
+6.139540e+16 != +4.521034e+14 = 1
+4.521034e+14 > +1.656079e-04 = 1
+4.521034e+14 >= +1.656079e-04 = 1
+4.521034e+14 != +1.656079e-04 = 1
+1.656079e-04 > -5.940169e+13 = 1
+1.656079e-04 >= -5.940169e+13 = 1
+1.656079e-04 != -5.940169e+13 = 1
-5.940169e+13 > +6.257965e-09 = 0
-5.940169e+13 >= +6.257965e-09 = 0
-5.940169e+13 != +6.257965e-09 = 1
+6.257965e-09 > +6.257965e-09 = 0
+6.257965e-09 >= +6.257965e-09 = 1
+6.257965e-09 != +6.257965e-09 = 0
+6.257965e-09 > -1.426973e+19 = 1
+6.257965e-09 >= -1.426973e+19 = 1
+6.257965e-09 != -1.426973e+19 = 1
-1.426973e+19 > -1.539214e-09 = 0
-1.426973e+19 >= -1.539214e-09 = 0
-1.426973e+19 != -1.539214e-09 = 1
-1.539214e-09 > -2.046241e-16 = 0
-1.539214e-09 >= -2.046241e-16 = 0
-1.539214e-09 != -2.046241e-16 = 1
-2.046241e-16 > -1.145429e+05 = 1
-2.046241e-16 >= -1.145429e+05 = 1
-2.046241e-16 != -1.145429e+05 = 1
-1.145429e+05 > +8.942677e+03 = 0
-1.145429e+05 >= +8.942677e+03 = 0
-1.145429e+05 != +8.942677e+03 = 1
+8.942677e+03 > -1.549071e+16 = 1
+8.942677e+03 >= -1.549071e+16 = 1
+8.942677e+03 != -1.549071e+16 = 1
-1.549071e+16 > -1.274084e-13 = 0
-1.549071e+16 >= -1.274084e-13 = 0
-1.549071e+16 != -1.274084e-13 = 1
-1.274084e-13 > +8.834950e+09 = 0
-1.274084e-13 >= +8.834950e+09 = 0
-1.274084e-13 != +8.834950e+09 = 1
+8.834950e+09 > +1.834995e+12 = 0
+8.834950e+09 >= +1.834995e+12 = 0
+8.834950e+09 != +1.834995e+12 = 1
+1.834995e+12 > -5.513097e+09 = 1
+1.834995e+12 >= -5.513097e+09 = 1
+1.834995e+12 != -5.513097e+09 = 1
-5.513097e+09 > +1.363500e-09 = 0
-5.513097e+09 >= +1.363500e-09 = 0
-5.513097e+09 != +1.363500e-09 = 1
+1.363500e-09 > +1.363500e-09 = 0
+1.363500e-09 >= +1.363500e-09 = 1
+1.363500e-09 != +1.363500e-09 = 0
+1.363500e-09 > -3.267112e+17 = 1
+1.363500e-09 >= -3.267112e+17 = 1
+1.363500e-09 != -3.267112e+17 = 1
-3.267112e+17 > -2.315808e+01 = 0
-3.267112e+17 >= -2.315808e+01 = 0
-3.267112e+17 != -2.315808e+01 = 1
-2.315808e+01 > +1.697654e-14 = 0
-2.315808e+01 >= +1.697654e-14 = 0
-2.315808e+01 != +1.697654e-14 = 1
+1.697654e-14 > +6.558341e+07 = 0
+1.697654e-14 >= +6.558341e+07 = 0
+1.697654e-14 != +6.558341e+07 = 1
+6.558341e+07 > -4.288194e-04 = 1
+6.558341e+07 >= -4.288194e-04 = 1
+6.558341e+07 != -4.288194e-04 = 1
-4.288194e-04 > -1.317205e+14 = 1
-4.288194e-04 >= -1.317205e+14 = 1
-4.288194e-04 != -1.317205e+14 = 1
-1.317205e+14 > +2.378662e-01 = 0
-1.317205e+14 >= +2.378662e-01 = 0
-1.317205e+14 != +2.378662e-01 = 1
+2.378662e-01 > +4.104697e+20 = 0
+2.378662e-01 >= +4.104697e+20 = 0
+2.378662e-01 != +4.104697e+20 = 1
+4.104697e+20 > -8.290771e+08 = 1
+4.104697e+20 >= -8.290771e+08 = 1
+4.104697e+20 != -8.290771e+08 = 1
-8.290771e+08 > +9.101662e-15 = 0
-8.290771e+08 >= +9.101662e-15 = 0
-8.290771e+08 != +9.101662e-15 = 1
+9.101662e-15 > +2.625933e+10 = 0
+9.101662e-15 >= +2.625933e+10 = 0
+9.101662e-15 != +2.625933e+10 = 1
+2.625933e+10 > +2.625933e+10 = 0
+2.625933e+10 >= +2.625933e+10 = 1
+2.625933e+10 != +2.625933e+10 = 0
+2.625933e+10 > -9.731392e+12 = 1
+2.625933e+10 >= -9.731392e+12 = 1
+2.625933e+10 != -9.731392e+12 = 1
-9.731392e+12 > +2.673569e+04 = 0
-9.731392e+12 >= +2.673569e+04 = 0
-9.731392e+12 != +2.673569e+04 = 1
+2.673569e+04 > -6.061576e-07 = 1
+2.673569e+04 >= -6.061576e-07 = 1
+2.673569e+04 != -6.061576e-07 = 1
------------ fmul
+0.000000e+00 * -1.380978e+07 = +0.000000e+00
-1.380978e+07 * +4.469849e+15 = -6.172761e+22
+4.469849e+15 * -3.100474e+04 = -1.385865e+20
-3.100474e+04 * +1.581668e-15 = -4.903919e-11
+1.581668e-15 * -1.424691e-08 = -2.253388e-23
-1.424691e-08 * +3.858074e+16 = -5.496564e+08
+3.858074e+16 * +1.338912e-06 = +5.165620e+10
+1.338912e-06 * -3.505864e-14 = -4.694043e-20
-3.505864e-14 * -3.603650e+18 = +1.263391e+05
-3.603650e+18 * -5.803700e+11 = +2.091451e+30
-5.803700e+11 * +1.379791e+01 = -8.007891e+12
+1.379791e+01 * -1.104800e-05 = -1.524392e-04
-1.104800e-05 * +1.984092e-15 = -2.192024e-20
+1.984092e-15 * +7.915201e-10 = +1.570449e-24
+7.915201e-10 * +1.742030e-14 = +1.378852e-23
+1.742030e-14 * +1.083795e+21 = +1.888004e+07
+1.083795e+21 * +4.363687e-11 = +4.729343e+10
+4.363687e-11 * +1.233533e-13 = +5.382751e-24
+1.233533e-13 * -1.231735e-02 = -1.519385e-15
-1.231735e-02 * +1.100439e-17 = -1.355449e-19
+1.100439e-17 * +8.411061e-03 = +9.255858e-20
+8.411061e-03 * -2.595696e-14 = -2.183256e-16
-2.595696e-14 * -3.106403e-14 = +8.063278e-28
-3.106403e-14 * -4.304100e-09 = +1.337027e-22
-4.304100e-09 * +2.114688e+08 = -9.101829e-01
+2.114688e+08 * +3.186931e+15 = +6.739366e+23
+3.186931e+15 * -7.067052e-04 = -2.252221e+12
-7.067052e-04 * -2.555393e+00 = +1.805909e-03
-2.555393e+00 * +2.977719e-07 = -7.609241e-07
+2.977719e-07 * +1.687839e+13 = +5.025909e+06
+1.687839e+13 * +2.025768e-15 = +3.419170e-02
+2.025768e-15 * +5.009402e+18 = +1.014789e+04
+5.009402e+18 * +2.052262e+21 = [SIGFPE 4 2] +1.234568e+08
+2.052262e+21 * +4.310732e-07 = +8.846753e+14
+4.310732e-07 * +3.895470e+05 = +1.679233e-01
+3.895470e+05 * -1.768104e-08 = -6.887598e-03
-1.768104e-08 * +2.267313e+06 = -4.008846e-02
+2.267313e+06 * -7.633530e+00 = -1.730760e+07
-7.633530e+00 * -1.316585e-06 = +1.005019e-05
-1.316585e-06 * -5.130494e+15 = +6.754733e+09
-5.130494e+15 * +1.687058e-13 = -8.655442e+02
+1.687058e-13 * -4.188475e-07 = -7.066202e-20
-4.188475e-07 * -2.788849e-07 = +1.168102e-13
-2.788849e-07 * -8.380019e-12 = +2.337060e-18
-8.380019e-12 * -3.505598e-12 = +2.937697e-23
-3.505598e-12 * -2.654477e-05 = +9.305530e-17
-2.654477e-05 * +2.752565e+10 = -7.306621e+05
+2.752565e+10 * -6.636971e+07 = -1.826869e+18
-6.636971e+07 * +1.098775e-05 = -7.292536e+02
+1.098775e-05 * +3.548079e-15 = +3.898540e-20
+3.548079e-15 * +3.122710e+13 = +1.107962e-01
+3.122710e+13 * +1.869945e-10 = +5.839296e+03
+1.869945e-10 * -9.289811e+02 = -1.737144e-07
-9.289811e+02 * +1.412652e+04 = -1.312327e+07
+1.412652e+04 * +8.505989e+15 = +1.201601e+20
+8.505989e+15 * +8.064239e-02 = +6.859433e+14
+8.064239e-02 * -2.344403e-08 = -1.890583e-09
-2.344403e-08 * +4.854979e+02 = -1.138203e-05
+4.854979e+02 * +2.684021e+04 = +1.303086e+07
+2.684021e+04 * +8.413155e+05 = +2.258108e+10
+8.413155e+05 * -1.598267e-14 = -1.344647e-08
-1.598267e-14 * -1.674998e-08 = +2.677094e-22
-1.674998e-08 * +4.904097e+16 = -8.214351e+08
+4.904097e+16 * +4.245566e-10 = +2.082067e+07
+4.245566e-10 * +1.810468e+14 = +7.686463e+04
+1.810468e+14 * +1.998211e+12 = +3.617698e+26
+1.998211e+12 * -2.244386e-11 = -4.484757e+01
-2.244386e-11 * -2.704541e+13 = +6.070034e+02
-2.704541e+13 * +1.272395e-11 = -3.441243e+02
+1.272395e-11 * -1.062533e+02 = -1.351961e-09
-1.062533e+02 * -9.110265e-02 = +9.679954e+00
-9.110265e-02 * +5.418037e+07 = -4.935976e+06
+5.418037e+07 * +6.975251e+01 = +3.779217e+09
+6.975251e+01 * -1.006256e+04 = -7.018890e+05
-1.006256e+04 * +7.794873e-11 = -7.843640e-07
+7.794873e-11 * +2.365789e+01 = +1.844103e-09
+2.365789e+01 * -1.330469e+16 = -3.147609e+17
-1.330469e+16 * -4.755016e-03 = +6.326401e+13
-4.755016e-03 * -5.003267e+12 = +2.379061e+10
-5.003267e+12 * -4.985961e-12 = +2.494609e+01
-4.985961e-12 * +3.500329e+14 = -1.745250e+03
+3.500329e+14 * +2.254410e-16 = +7.891178e-02
+2.254410e-16 * -1.624380e-04 = -3.662019e-20
-1.624380e-04 * -5.512758e+01 = +8.954815e-03
-5.512758e+01 * +6.662820e-12 = -3.673052e-10
+6.662820e-12 * -1.040722e+18 = -6.934142e+06
-1.040722e+18 * +1.788340e+18 = -1.861165e+36
+1.788340e+18 * +6.648342e+14 = +1.188950e+33
+6.648342e+14 * -6.359488e+14 = -4.228005e+29
-6.359488e+14 * +5.579599e+16 = -3.548339e+31
+5.579599e+16 * -5.953959e-01 = -3.322070e+16
-5.953959e-01 * +4.352955e+19 = -2.591731e+19
+4.352955e+19 * +9.463329e+14 = +4.119344e+34
+9.463329e+14 * +5.679605e-14 = +5.374798e+01
+5.679605e-14 * -2.222134e-08 = -1.262084e-21
-2.222134e-08 * +8.270672e+03 = -1.837854e-04
+8.270672e+03 * +6.847971e+18 = +5.663732e+22
+6.847971e+18 * +1.477082e-10 = +1.011501e+09
+1.477082e-10 * -6.006505e+01 = -8.872099e-09
-6.006505e+01 * +4.493662e-11 = -2.699120e-09
